<?xml version="1.0" encoding="UTF-8"?>
<coverage generated="1651595109065" clover="3.2.0">
  <project timestamp="1651595109065" name="All files">
    <metrics statements="55" coveredstatements="50" conditionals="10" coveredconditionals="7" methods="16" coveredmethods="14" elements="81" coveredelements="71" complexity="0" loc="55" ncloc="55" packages="1" files="1" classes="1"/>
    <file name="script.js" path="/Users/egreen/Desktop/Multiverse Bootcamp/MultiverseBootcamp/scooterHireSystem/script.js">
      <metrics statements="55" coveredstatements="50" conditionals="10" coveredconditionals="7" methods="16" coveredmethods="14"/>
      <line num="2" count="1" type="stmt"/>
      <line num="4" count="1" type="stmt"/>
      <line num="11" count="6" type="stmt"/>
      <line num="12" count="6" type="stmt"/>
      <line num="15" count="2" type="cond" truecount="2" falsecount="0"/>
      <line num="16" count="1" type="stmt"/>
      <line num="19" count="1" type="stmt"/>
      <line num="24" count="1" type="stmt"/>
      <line num="30" count="4" type="stmt"/>
      <line num="31" count="4" type="stmt"/>
      <line num="35" count="4" type="stmt"/>
      <line num="36" count="4" type="cond" truecount="1" falsecount="1"/>
      <line num="37" count="0" type="stmt"/>
      <line num="40" count="4" type="stmt"/>
      <line num="47" count="1" type="stmt"/>
      <line num="51" count="1" type="cond" truecount="1" falsecount="1"/>
      <line num="53" count="1" type="stmt"/>
      <line num="54" count="1" type="stmt"/>
      <line num="55" count="1" type="stmt"/>
      <line num="56" count="1" type="stmt"/>
      <line num="59" count="0" type="stmt"/>
      <line num="65" count="1" type="cond" truecount="1" falsecount="1"/>
      <line num="66" count="1" type="stmt"/>
      <line num="67" count="1" type="stmt"/>
      <line num="68" count="1" type="stmt"/>
      <line num="69" count="1" type="stmt"/>
      <line num="83" count="2" type="stmt"/>
      <line num="95" count="2" type="stmt"/>
      <line num="96" count="2" type="stmt"/>
      <line num="105" count="0" type="stmt"/>
      <line num="114" count="8" type="stmt"/>
      <line num="115" count="8" type="stmt"/>
      <line num="116" count="8" type="stmt"/>
      <line num="119" count="8" type="stmt"/>
      <line num="123" count="2" type="stmt"/>
      <line num="127" count="0" type="stmt"/>
      <line num="134" count="2" type="stmt"/>
      <line num="136" count="6" type="cond" truecount="2" falsecount="0"/>
      <line num="140" count="3" type="stmt"/>
      <line num="147" count="1" type="stmt"/>
      <line num="148" count="1" type="stmt"/>
      <line num="149" count="1" type="stmt"/>
      <line num="150" count="1" type="stmt"/>
      <line num="151" count="1" type="stmt"/>
      <line num="152" count="1" type="stmt"/>
      <line num="156" count="1" type="stmt"/>
      <line num="157" count="1" type="stmt"/>
      <line num="158" count="1" type="stmt"/>
      <line num="160" count="1" type="stmt"/>
      <line num="161" count="1" type="stmt"/>
      <line num="164" count="0" type="stmt"/>
      <line num="166" count="1" type="stmt"/>
      <line num="167" count="1" type="stmt"/>
      <line num="168" count="1" type="stmt"/>
      <line num="177" count="1" type="stmt"/>
    </file>
  </project>
</coverage>
