{"/Users/egreen/Desktop/Multiverse Bootcamp/MultiverseBootcamp/scooterHireSystem/script.js": {"path":"/Users/egreen/Desktop/Multiverse Bootcamp/MultiverseBootcamp/scooterHireSystem/script.js","statementMap":{"0":{"start":{"line":2,"column":15},"end":{"line":2,"column":32}},"1":{"start":{"line":4,"column":12},"end":{"line":7,"column":1}},"2":{"start":{"line":11,"column":8},"end":{"line":11,"column":36}},"3":{"start":{"line":12,"column":8},"end":{"line":12,"column":21}},"4":{"start":{"line":15,"column":8},"end":{"line":20,"column":9}},"5":{"start":{"line":16,"column":12},"end":{"line":16,"column":41}},"6":{"start":{"line":19,"column":12},"end":{"line":19,"column":66}},"7":{"start":{"line":24,"column":8},"end":{"line":24,"column":24}},"8":{"start":{"line":30,"column":13},"end":{"line":30,"column":15}},"9":{"start":{"line":31,"column":21},"end":{"line":31,"column":25}},"10":{"start":{"line":35,"column":8},"end":{"line":35,"column":19}},"11":{"start":{"line":36,"column":8},"end":{"line":38,"column":9}},"12":{"start":{"line":37,"column":12},"end":{"line":37,"column":35}},"13":{"start":{"line":40,"column":7},"end":{"line":40,"column":36}},"14":{"start":{"line":47,"column":8},"end":{"line":47,"column":32}},"15":{"start":{"line":51,"column":8},"end":{"line":60,"column":5}},"16":{"start":{"line":53,"column":12},"end":{"line":53,"column":63}},"17":{"start":{"line":54,"column":12},"end":{"line":54,"column":48}},"18":{"start":{"line":55,"column":12},"end":{"line":55,"column":49}},"19":{"start":{"line":56,"column":12},"end":{"line":56,"column":110}},"20":{"start":{"line":59,"column":8},"end":{"line":59,"column":56}},"21":{"start":{"line":65,"column":8},"end":{"line":71,"column":9}},"22":{"start":{"line":66,"column":12},"end":{"line":66,"column":52}},"23":{"start":{"line":67,"column":12},"end":{"line":67,"column":48}},"24":{"start":{"line":68,"column":12},"end":{"line":68,"column":48}},"25":{"start":{"line":69,"column":12},"end":{"line":69,"column":38}},"26":{"start":{"line":83,"column":8},"end":{"line":83,"column":18}},"27":{"start":{"line":95,"column":8},"end":{"line":95,"column":30}},"28":{"start":{"line":96,"column":8},"end":{"line":96,"column":58}},"29":{"start":{"line":105,"column":8},"end":{"line":105,"column":34}},"30":{"start":{"line":114,"column":15},"end":{"line":114,"column":17}},"31":{"start":{"line":115,"column":14},"end":{"line":115,"column":18}},"32":{"start":{"line":116,"column":13},"end":{"line":116,"column":18}},"33":{"start":{"line":119,"column":8},"end":{"line":119,"column":41}},"34":{"start":{"line":123,"column":8},"end":{"line":123,"column":28}},"35":{"start":{"line":127,"column":8},"end":{"line":127,"column":36}},"36":{"start":{"line":134,"column":13},"end":{"line":134,"column":15}},"37":{"start":{"line":136,"column":8},"end":{"line":136,"column":82}},"38":{"start":{"line":136,"column":40},"end":{"line":136,"column":80}},"39":{"start":{"line":140,"column":8},"end":{"line":140,"column":35}},"40":{"start":{"line":147,"column":19},"end":{"line":147,"column":37}},"41":{"start":{"line":148,"column":14},"end":{"line":148,"column":32}},"42":{"start":{"line":149,"column":17},"end":{"line":149,"column":30}},"43":{"start":{"line":150,"column":17},"end":{"line":150,"column":30}},"44":{"start":{"line":151,"column":17},"end":{"line":151,"column":30}},"45":{"start":{"line":152,"column":12},"end":{"line":152,"column":29}},"46":{"start":{"line":156,"column":0},"end":{"line":156,"column":31}},"47":{"start":{"line":157,"column":0},"end":{"line":157,"column":31}},"48":{"start":{"line":158,"column":0},"end":{"line":158,"column":31}},"49":{"start":{"line":160,"column":0},"end":{"line":165,"column":1}},"50":{"start":{"line":161,"column":0},"end":{"line":161,"column":14}},"51":{"start":{"line":164,"column":4},"end":{"line":164,"column":24}},"52":{"start":{"line":166,"column":0},"end":{"line":166,"column":29}},"53":{"start":{"line":167,"column":0},"end":{"line":167,"column":37}},"54":{"start":{"line":168,"column":0},"end":{"line":168,"column":17}},"55":{"start":{"line":177,"column":0},"end":{"line":177,"column":67}}},"fnMap":{"0":{"name":"(anonymous_0)","decl":{"start":{"line":10,"column":4},"end":{"line":10,"column":5}},"loc":{"start":{"line":10,"column":20},"end":{"line":13,"column":5}},"line":10},"1":{"name":"(anonymous_1)","decl":{"start":{"line":14,"column":4},"end":{"line":14,"column":5}},"loc":{"start":{"line":14,"column":11},"end":{"line":21,"column":5}},"line":14},"2":{"name":"(anonymous_2)","decl":{"start":{"line":23,"column":4},"end":{"line":23,"column":5}},"loc":{"start":{"line":23,"column":16},"end":{"line":25,"column":5}},"line":23},"3":{"name":"(anonymous_3)","decl":{"start":{"line":33,"column":4},"end":{"line":33,"column":5}},"loc":{"start":{"line":33,"column":33},"end":{"line":43,"column":5}},"line":33},"4":{"name":"(anonymous_4)","decl":{"start":{"line":45,"column":4},"end":{"line":45,"column":5}},"loc":{"start":{"line":46,"column":4},"end":{"line":48,"column":5}},"line":46},"5":{"name":"(anonymous_5)","decl":{"start":{"line":50,"column":4},"end":{"line":50,"column":5}},"loc":{"start":{"line":50,"column":21},"end":{"line":62,"column":5}},"line":50},"6":{"name":"(anonymous_6)","decl":{"start":{"line":64,"column":4},"end":{"line":64,"column":5}},"loc":{"start":{"line":64,"column":32},"end":{"line":72,"column":5}},"line":64},"7":{"name":"(anonymous_7)","decl":{"start":{"line":82,"column":4},"end":{"line":82,"column":5}},"loc":{"start":{"line":82,"column":20},"end":{"line":86,"column":5}},"line":82},"8":{"name":"(anonymous_8)","decl":{"start":{"line":93,"column":4},"end":{"line":93,"column":5}},"loc":{"start":{"line":93,"column":16},"end":{"line":101,"column":5}},"line":93},"9":{"name":"(anonymous_9)","decl":{"start":{"line":103,"column":4},"end":{"line":103,"column":5}},"loc":{"start":{"line":103,"column":22},"end":{"line":106,"column":5}},"line":103},"10":{"name":"(anonymous_10)","decl":{"start":{"line":117,"column":4},"end":{"line":117,"column":5}},"loc":{"start":{"line":117,"column":17},"end":{"line":120,"column":5}},"line":117},"11":{"name":"(anonymous_11)","decl":{"start":{"line":122,"column":4},"end":{"line":122,"column":5}},"loc":{"start":{"line":122,"column":19},"end":{"line":124,"column":5}},"line":122},"12":{"name":"(anonymous_12)","decl":{"start":{"line":126,"column":4},"end":{"line":126,"column":5}},"loc":{"start":{"line":126,"column":23},"end":{"line":128,"column":5}},"line":126},"13":{"name":"(anonymous_13)","decl":{"start":{"line":135,"column":4},"end":{"line":135,"column":5}},"loc":{"start":{"line":135,"column":29},"end":{"line":138,"column":5}},"line":135},"14":{"name":"(anonymous_14)","decl":{"start":{"line":136,"column":36},"end":{"line":136,"column":37}},"loc":{"start":{"line":136,"column":40},"end":{"line":136,"column":80}},"line":136},"15":{"name":"(anonymous_15)","decl":{"start":{"line":139,"column":4},"end":{"line":139,"column":5}},"loc":{"start":{"line":139,"column":23},"end":{"line":141,"column":5}},"line":139}},"branchMap":{"0":{"loc":{"start":{"line":15,"column":8},"end":{"line":20,"column":9}},"type":"if","locations":[{"start":{"line":15,"column":8},"end":{"line":20,"column":9}},{"start":{"line":17,"column":13},"end":{"line":20,"column":9}}],"line":15},"1":{"loc":{"start":{"line":36,"column":8},"end":{"line":38,"column":9}},"type":"if","locations":[{"start":{"line":36,"column":8},"end":{"line":38,"column":9}},{"start":{},"end":{}}],"line":36},"2":{"loc":{"start":{"line":51,"column":8},"end":{"line":60,"column":5}},"type":"if","locations":[{"start":{"line":51,"column":8},"end":{"line":60,"column":5}},{"start":{"line":57,"column":13},"end":{"line":60,"column":5}}],"line":51},"3":{"loc":{"start":{"line":65,"column":8},"end":{"line":71,"column":9}},"type":"if","locations":[{"start":{"line":65,"column":8},"end":{"line":71,"column":9}},{"start":{},"end":{}}],"line":65},"4":{"loc":{"start":{"line":136,"column":40},"end":{"line":136,"column":80}},"type":"binary-expr","locations":[{"start":{"line":136,"column":40},"end":{"line":136,"column":58}},{"start":{"line":136,"column":62},"end":{"line":136,"column":80}}],"line":136}},"s":{"0":1,"1":1,"2":6,"3":6,"4":2,"5":1,"6":1,"7":1,"8":4,"9":4,"10":4,"11":4,"12":0,"13":4,"14":1,"15":1,"16":1,"17":1,"18":1,"19":1,"20":0,"21":1,"22":1,"23":1,"24":1,"25":1,"26":2,"27":2,"28":2,"29":0,"30":8,"31":8,"32":8,"33":8,"34":2,"35":0,"36":2,"37":2,"38":6,"39":3,"40":1,"41":1,"42":1,"43":1,"44":1,"45":1,"46":1,"47":1,"48":1,"49":1,"50":1,"51":0,"52":1,"53":1,"54":1,"55":1},"f":{"0":6,"1":2,"2":1,"3":4,"4":1,"5":1,"6":1,"7":2,"8":2,"9":0,"10":8,"11":2,"12":0,"13":2,"14":6,"15":3},"b":{"0":[1,1],"1":[0,4],"2":[1,0],"3":[1,0],"4":[6,6]},"_coverageSchema":"1a1c01bbd47fc00a2c39e90264f33305004495a9","hash":"139242ed623b382c86ec07013f9d38e67ada392a"}
}
