TN:
SF:script.js
FN:10,(anonymous_0)
FN:14,(anonymous_1)
FN:23,(anonymous_2)
FN:33,(anonymous_3)
FN:45,(anonymous_4)
FN:50,(anonymous_5)
FN:64,(anonymous_6)
FN:82,(anonymous_7)
FN:93,(anonymous_8)
FN:103,(anonymous_9)
FN:117,(anonymous_10)
FN:122,(anonymous_11)
FN:126,(anonymous_12)
FN:135,(anonymous_13)
FN:136,(anonymous_14)
FN:139,(anonymous_15)
FNF:16
FNH:14
FNDA:6,(anonymous_0)
FNDA:2,(anonymous_1)
FNDA:1,(anonymous_2)
FNDA:4,(anonymous_3)
FNDA:1,(anonymous_4)
FNDA:1,(anonymous_5)
FNDA:1,(anonymous_6)
FNDA:2,(anonymous_7)
FNDA:2,(anonymous_8)
FNDA:0,(anonymous_9)
FNDA:8,(anonymous_10)
FNDA:2,(anonymous_11)
FNDA:0,(anonymous_12)
FNDA:2,(anonymous_13)
FNDA:6,(anonymous_14)
FNDA:3,(anonymous_15)
DA:2,1
DA:4,1
DA:11,6
DA:12,6
DA:15,2
DA:16,1
DA:19,1
DA:24,1
DA:30,4
DA:31,4
DA:35,4
DA:36,4
DA:37,0
DA:40,4
DA:47,1
DA:51,1
DA:53,1
DA:54,1
DA:55,1
DA:56,1
DA:59,0
DA:65,1
DA:66,1
DA:67,1
DA:68,1
DA:69,1
DA:83,2
DA:95,2
DA:96,2
DA:105,0
DA:114,8
DA:115,8
DA:116,8
DA:119,8
DA:123,2
DA:127,0
DA:134,2
DA:136,6
DA:140,3
DA:147,1
DA:148,1
DA:149,1
DA:150,1
DA:151,1
DA:152,1
DA:156,1
DA:157,1
DA:158,1
DA:160,1
DA:161,1
DA:164,0
DA:166,1
DA:167,1
DA:168,1
DA:177,1
LF:55
LH:50
BRDA:15,0,0,1
BRDA:15,0,1,1
BRDA:36,1,0,0
BRDA:36,1,1,4
BRDA:51,2,0,1
BRDA:51,2,1,0
BRDA:65,3,0,1
BRDA:65,3,1,0
BRDA:136,4,0,6
BRDA:136,4,1,6
BRF:10
BRH:7
end_of_record
